INFO begin to get upgrade info, client version : 1.0.0 module : client
INFO create tmp folder: ./upgrade_tmp
INFO start to download file :name:arg src:arg dest:arg type:file to ./upgrade_tmp/arg
INFO try create folder for target file :arg
INFO move file :./upgrade_tmp/arg arg
INFO start to download file :name:Player src:Player.exe dest:Player.exe type:file to ./upgrade_tmp/Player
INFO try create folder for target file :Player.exe
INFO move file :./upgrade_tmp/Player Player.exe
INFO start to download file :name:ActorOperation src:BaseTools/ActorOperation.dll dest:BaseTools/ActorOperation.dll type:file to ./upgrade_tmp/ActorOperation
INFO try create folder for target file :BaseTools/ActorOperation.dll
INFO move file :./upgrade_tmp/ActorOperation BaseTools/ActorOperation.dll
INFO start to download file :name:SystemTools.dll src:BaseTools/SystemTools.dll dest:BaseTools/SystemTools.dll type:file to ./upgrade_tmp/SystemTools.dll
INFO try create folder for target file :BaseTools/SystemTools.dll
INFO move file :./upgrade_tmp/SystemTools.dll BaseTools/SystemTools.dll
INFO start to download file :name:Player src:Player.exe dest:Player.exe type:file to ./upgrade_tmp/Player
INFO delete old file :Player.exe
INFO move file :./upgrade_tmp/Player Player.exe
INFO start to download file :name:plugins src:PlugIns/plugins.dat dest:PlugIns/plugins.dat type:file to ./upgrade_tmp/plugins
INFO try create folder for target file :PlugIns/plugins.dat
INFO move file :./upgrade_tmp/plugins PlugIns/plugins.dat
INFO start to download file :name:inn-plugins src:PlugIns/ResourcePlugIns/vlc/plugins.dat dest:PlugIns/ResourcePlugIns/vlc/plugins.dat type:file to ./upgrade_tmp/inn-plugins
INFO try create folder for target file :PlugIns/ResourcePlugIns/vlc/plugins.dat
INFO move file :./upgrade_tmp/inn-plugins PlugIns/ResourcePlugIns/vlc/plugins.dat
INFO update client version :3.0.0
INFO upgrade client done
1/1/0001 12:00:00 AM INFO begin to get upgrade info, client version : 3.0.0 module : client
3/19/2016 11:49:21 AM INFO begin to get upgrade info, client version : 3.0.0 module : client
3/19/2016 11:49:42 AM ERROR Send Http Get failed,http://192.168.31.150:8080/upgrade/info?clientVersion=3.0.0&module=client TRACE:   at System.Net.HttpWebRequest.GetResponse()
   at Updater.Net.HttpClient.SendGet(String url) in C:\gitproject\upgrade-server\client\Updater\Net\HttpClient.cs:line 61
2016/3/20 23:17:36 INFO new version
2016/3/20 23:17:36 INFO begin to get upgrade info, client version : 3.0.0 module : client
2016/3/20 23:18:16 ERROR Send Http Get failed,http://192.168.31.150:8080/upgrade/info?clientVersion=3.0.0&module=client TRACE:   在 System.Net.HttpWebRequest.GetResponse()
   在 Updater.Net.HttpClient.SendGet(String url) 位置 C:\gitproject\upgrade-server\client\Updater\Net\HttpClient.cs:行号 61
