3/19/2016 12:07:36 PM INFO try to delete upgrade_done file before updater upgrade.
3/19/2016 12:07:40 PM INFO Run: Updater.exe upgrade_client.
3/19/2016 12:07:50 PM ERROR something wrong happens during update:System.ComponentModel.Win32Exception: The system cannot find the file specified
   at System.Diagnostics.Process.StartWithShellExecuteEx(ProcessStartInfo startInfo)
   at System.Diagnostics.Process.Start(ProcessStartInfo startInfo)
   at starter.Program.Main(String[] args) in C:\gitproject\upgrade-server\client\starter\Program.cs:line 28
3/19/2016 12:07:52 PM INFO Run: client.
3/19/2016 12:14:56 PM ERROR get version failed : TRACE:   at System.IO.__Error.WinIOError(Int32 errorCode, String maybeFullPath)
   at System.IO.FileStream.Init(String path, FileMode mode, FileAccess access, Int32 rights, Boolean useRights, FileShare share, Int32 bufferSize, FileOptions options, SECURITY_ATTRIBUTES secAttrs, String msgPath, Boolean bFromProxy)
   at System.IO.FileStream..ctor(String path, FileMode mode, FileAccess access, FileShare share, Int32 bufferSize, FileOptions options, String msgPath, Boolean bFromProxy)
   at System.IO.FileStream..ctor(String path, FileMode mode, FileAccess access, FileShare share, Int32 bufferSize, FileOptions options)
   at System.IO.StreamReader..ctor(String path, Encoding encoding, Boolean detectEncodingFromByteOrderMarks, Int32 bufferSize)
   at System.IO.StreamReader..ctor(String path, Boolean detectEncodingFromByteOrderMarks)
   at Updater.Util.Util.getVersion()
3/19/2016 12:14:56 PM INFO not found version file, set version to 1.0.0
3/19/2016 12:14:56 PM INFO begin to get upgrade info, client version : 1.0.0 module : upgrade_client
3/19/2016 12:15:20 PM INFO begin to get upgrade info, client version : 1.0.0 module : client
3/19/2016 1:38:16 PM INFO begin to get upgrade info, client version : 1.0.0 module : upgrade_client
3/19/2016 1:38:28 PM INFO begin to get upgrade info, client version : 1.0.0 module : client
2016/3/19 22:46:12 INFO begin to get upgrade info, client version : 1.0.0 module : upgrade_client
2016/3/19 22:46:14 INFO begin to get upgrade info, client version : 1.0.0 module : client
